# JRE version: OpenJDK Runtime Environment (11.0.13) (build 11.0.13+0-b1751.21-8125866)
# Java VM: OpenJDK 64-Bit Server VM (11.0.13+0-b1751.21-8125866, mixed mode, tiered, compressed oops, g1 gc, windows-amd64)
Heap:
 garbage-first heap   total 196608K, used 75511K [0x0000000080000000, 0x0000000100000000)
  region size 1024K, 23 young (23552K), 3 survivors (3072K)
 Metaspace       used 61494K, capacity 63082K, committed 63344K, reserved 1107968K
  class space    used 7668K, capacity 8274K, committed 8396K, reserved 1048576K
GC Heap History (16 events):
Event: 1.588 GC heap before
{Heap before GC invocations=0 (full 0):
 garbage-first heap   total 196608K, used 29696K [0x0000000080000000, 0x0000000100000000)
  region size 1024K, 24 young (24576K), 0 survivors (0K)
 Metaspace       used 9757K, capacity 9956K, committed 10112K, reserved 1058816K
  class space    used 999K, capacity 1069K, committed 1152K, reserved 1048576K
}
Event: 1.592 GC heap after
{Heap after GC invocations=1 (full 0):
 garbage-first heap   total 196608K, used 8935K [0x0000000080000000, 0x0000000100000000)
  region size 1024K, 3 young (3072K), 3 survivors (3072K)
 Metaspace       used 9757K, capacity 9956K, committed 10112K, reserved 1058816K
  class space    used 999K, capacity 1069K, committed 1152K, reserved 1048576K
}
Event: 4.097 GC heap before
{Heap before GC invocations=1 (full 0):
 garbage-first heap   total 196608K, used 113383K [0x0000000080000000, 0x0000000100000000)
  region size 1024K, 106 young (108544K), 3 survivors (3072K)
 Metaspace       used 20783K, capacity 21189K, committed 21296K, reserved 1069056K
  class space    used 2527K, capacity 2688K, committed 2688K, reserved 1048576K
}
Event: 4.107 GC heap after
{Heap after GC invocations=2 (full 0):
 garbage-first heap   total 196608K, used 16932K [0x0000000080000000, 0x0000000100000000)
  region size 1024K, 11 young (11264K), 11 survivors (11264K)
 Metaspace       used 20783K, capacity 21189K, committed 21296K, reserved 1069056K
  class space    used 2527K, capacity 2688K, committed 2688K, reserved 1048576K
}
Event: 4.936 GC heap before
{Heap before GC invocations=3 (full 0):
 garbage-first heap   total 196608K, used 78372K [0x0000000080000000, 0x0000000100000000)
  region size 1024K, 71 young (72704K), 11 survivors (11264K)
 Metaspace       used 27000K, capacity 27605K, committed 27772K, reserved 1073152K
  class space    used 3496K, capacity 3706K, committed 3788K, reserved 1048576K
}
Event: 4.944 GC heap after
{Heap after GC invocations=4 (full 0):
 garbage-first heap   total 196608K, used 18947K [0x0000000080000000, 0x0000000100000000)
  region size 1024K, 3 young (3072K), 3 survivors (3072K)
 Metaspace       used 27000K, capacity 27605K, committed 27772K, reserved 1073152K
  class space    used 3496K, capacity 3706K, committed 3788K, reserved 1048576K
}
Event: 5.862 GC heap before
{Heap before GC invocations=4 (full 0):
 garbage-first heap   total 196608K, used 72195K [0x0000000080000000, 0x0000000100000000)
  region size 1024K, 56 young (57344K), 3 survivors (3072K)
 Metaspace       used 35165K, capacity 35946K, committed 35964K, reserved 1081344K
  class space    used 4513K, capacity 4808K, committed 4812K, reserved 1048576K
}
Event: 5.868 GC heap after
{Heap after GC invocations=5 (full 0):
 garbage-first heap   total 196608K, used 22178K [0x0000000080000000, 0x0000000100000000)
  region size 1024K, 6 young (6144K), 6 survivors (6144K)
 Metaspace       used 35165K, capacity 35946K, committed 35964K, reserved 1081344K
  class space    used 4513K, capacity 4808K, committed 4812K, reserved 1048576K
}
Event: 7.653 GC heap before
{Heap before GC invocations=6 (full 0):
 garbage-first heap   total 196608K, used 124578K [0x0000000080000000, 0x0000000100000000)
  region size 1024K, 102 young (104448K), 6 survivors (6144K)
 Metaspace       used 43754K, capacity 44768K, committed 45052K, reserved 1089536K
  class space    used 5490K, capacity 5878K, committed 5964K, reserved 1048576K
}
Event: 7.664 GC heap after
{Heap after GC invocations=7 (full 0):
 garbage-first heap   total 196608K, used 28607K [0x0000000080000000, 0x0000000100000000)
  region size 1024K, 12 young (12288K), 12 survivors (12288K)
 Metaspace       used 43754K, capacity 44768K, committed 45052K, reserved 1089536K
  class space    used 5490K, capacity 5878K, committed 5964K, reserved 1048576K
}
Event: 11.854 GC heap before
{Heap before GC invocations=7 (full 0):
 garbage-first heap   total 196608K, used 129983K [0x0000000080000000, 0x0000000100000000)
  region size 1024K, 111 young (113664K), 12 survivors (12288K)
 Metaspace       used 48605K, capacity 49852K, committed 50172K, reserved 1093632K
  class space    used 6123K, capacity 6611K, committed 6732K, reserved 1048576K
}
Event: 11.873 GC heap after
{Heap after GC invocations=8 (full 0):
 garbage-first heap   total 196608K, used 34488K [0x0000000080000000, 0x0000000100000000)
  region size 1024K, 13 young (13312K), 13 survivors (13312K)
 Metaspace       used 48605K, capacity 49852K, committed 50172K, reserved 1093632K
  class space    used 6123K, capacity 6611K, committed 6732K, reserved 1048576K
}
Event: 37.832 GC heap before
{Heap before GC invocations=8 (full 0):
 garbage-first heap   total 196608K, used 145080K [0x0000000080000000, 0x0000000100000000)
  region size 1024K, 112 young (114688K), 13 survivors (13312K)
 Metaspace       used 55326K, capacity 56847K, committed 56956K, reserved 1099776K
  class space    used 6931K, capacity 7540K, committed 7628K, reserved 1048576K
}
Event: 37.846 GC heap after
{Heap after GC invocations=9 (full 0):
 garbage-first heap   total 196608K, used 53064K [0x0000000080000000, 0x0000000100000000)
  region size 1024K, 14 young (14336K), 14 survivors (14336K)
 Metaspace       used 55326K, capacity 56847K, committed 56956K, reserved 1099776K
  class space    used 6931K, capacity 7540K, committed 7628K, reserved 1048576K
}
Event: 38.217 GC heap before
{Heap before GC invocations=9 (full 0):
 garbage-first heap   total 196608K, used 75592K [0x0000000080000000, 0x0000000100000000)
  region size 1024K, 37 young (37888K), 14 survivors (14336K)
 Metaspace       used 58806K, capacity 60386K, committed 60540K, reserved 1101824K
  class space    used 7274K, capacity 7846K, committed 7884K, reserved 1048576K
}
Event: 38.238 GC heap after
{Heap after GC invocations=10 (full 0):
 garbage-first heap   total 196608K, used 56055K [0x0000000080000000, 0x0000000100000000)
  region size 1024K, 3 young (3072K), 3 survivors (3072K)
 Metaspace       used 58806K, capacity 60386K, committed 60540K, reserved 1101824K
  class space    used 7274K, capacity 7846K, committed 7884K, reserved 1048576K
}

